# JRE version: OpenJDK Runtime Environment (8.0_242-b01) (build 1.8.0_242-release-1644-b01)
# Java VM: OpenJDK 64-Bit Server VM (25.242-b01 mixed mode windows-amd64 compressed oops)
Heap:
 PSYoungGen      total 127488K, used 27063K [0x00000000d5580000, 0x00000000de880000, 0x0000000100000000)
  eden space 115712K, 23% used [0x00000000d5580000,0x00000000d6feddd0,0x00000000dc680000)
  from space 11776K, 0% used [0x00000000dd180000,0x00000000dd180000,0x00000000ddd00000)
  to   space 10240K, 0% used [0x00000000dde80000,0x00000000dde80000,0x00000000de880000)
 ParOldGen       total 86016K, used 45756K [0x0000000080000000, 0x0000000085400000, 0x00000000d5580000)
  object space 86016K, 53% used [0x0000000080000000,0x0000000082caf088,0x0000000085400000)
 Metaspace       used 57412K, capacity 59256K, committed 59412K, reserved 1099776K
  class space    used 7748K, capacity 8201K, committed 8320K, reserved 1048576K
GC Heap History (10 events):
Event: 12.915 GC heap before
{Heap before GC invocations=12 (full 2):
 PSYoungGen      total 100352K, used 89088K [0x00000000d5580000, 0x00000000de980000, 0x0000000100000000)
  eden space 89088K, 100% used [0x00000000d5580000,0x00000000dac80000,0x00000000dac80000)
  from space 11264K, 0% used [0x00000000dac80000,0x00000000dac80000,0x00000000db780000)
  to   space 11264K, 0% used [0x00000000dde80000,0x00000000dde80000,0x00000000de980000)
 ParOldGen       total 86016K, used 15788K [0x0000000080000000, 0x0000000085400000, 0x00000000d5580000)
  object space 86016K, 18% used [0x0000000080000000,0x0000000080f6b330,0x0000000085400000)
 Metaspace       used 40224K, capacity 41136K, committed 41344K, reserved 1085440K
  class space    used 5447K, capacity 5756K, committed 5760K, reserved 1048576K
Event: 12.928 GC heap after
Heap after GC invocations=12 (full 2):
 PSYoungGen      total 125952K, used 9861K [0x00000000d5580000, 0x00000000de880000, 0x0000000100000000)
  eden space 115712K, 0% used [0x00000000d5580000,0x00000000d5580000,0x00000000dc680000)
  from space 10240K, 96% used [0x00000000dde80000,0x00000000de8214f0,0x00000000de880000)
  to   space 11776K, 0% used [0x00000000dd180000,0x00000000dd180000,0x00000000ddd00000)
 ParOldGen       total 86016K, used 15796K [0x0000000080000000, 0x0000000085400000, 0x00000000d5580000)
  object space 86016K, 18% used [0x0000000080000000,0x0000000080f6d330,0x0000000085400000)
 Metaspace       used 40224K, capacity 41136K, committed 41344K, reserved 1085440K
  class space    used 5447K, capacity 5756K, committed 5760K, reserved 1048576K
}
Event: 15.130 GC heap before
{Heap before GC invocations=13 (full 2):
 PSYoungGen      total 125952K, used 125573K [0x00000000d5580000, 0x00000000de880000, 0x0000000100000000)
  eden space 115712K, 100% used [0x00000000d5580000,0x00000000dc680000,0x00000000dc680000)
  from space 10240K, 96% used [0x00000000dde80000,0x00000000de8214f0,0x00000000de880000)
  to   space 11776K, 0% used [0x00000000dd180000,0x00000000dd180000,0x00000000ddd00000)
 ParOldGen       total 86016K, used 15796K [0x0000000080000000, 0x0000000085400000, 0x00000000d5580000)
  object space 86016K, 18% used [0x0000000080000000,0x0000000080f6d330,0x0000000085400000)
 Metaspace       used 50268K, capacity 51670K, committed 51712K, reserved 1093632K
  class space    used 6754K, capacity 7152K, committed 7168K, reserved 1048576K
Event: 15.159 GC heap after
Heap after GC invocations=13 (full 2):
 PSYoungGen      total 127488K, used 11758K [0x00000000d5580000, 0x00000000de880000, 0x0000000100000000)
  eden space 115712K, 0% used [0x00000000d5580000,0x00000000d5580000,0x00000000dc680000)
  from space 11776K, 99% used [0x00000000dd180000,0x00000000ddcfb988,0x00000000ddd00000)
  to   space 10240K, 0% used [0x00000000dde80000,0x00000000dde80000,0x00000000de880000)
 ParOldGen       total 86016K, used 22028K [0x0000000080000000, 0x0000000085400000, 0x00000000d5580000)
  object space 86016K, 25% used [0x0000000080000000,0x00000000815830c0,0x0000000085400000)
 Metaspace       used 50268K, capacity 51670K, committed 51712K, reserved 1093632K
  class space    used 6754K, capacity 7152K, committed 7168K, reserved 1048576K
}
Event: 29.012 GC heap before
{Heap before GC invocations=14 (full 2):
 PSYoungGen      total 127488K, used 127470K [0x00000000d5580000, 0x00000000de880000, 0x0000000100000000)
  eden space 115712K, 100% used [0x00000000d5580000,0x00000000dc680000,0x00000000dc680000)
  from space 11776K, 99% used [0x00000000dd180000,0x00000000ddcfb988,0x00000000ddd00000)
  to   space 10240K, 0% used [0x00000000dde80000,0x00000000dde80000,0x00000000de880000)
 ParOldGen       total 86016K, used 22028K [0x0000000080000000, 0x0000000085400000, 0x00000000d5580000)
  object space 86016K, 25% used [0x0000000080000000,0x00000000815830c0,0x0000000085400000)
 Metaspace       used 55888K, capacity 57630K, committed 57728K, reserved 1099776K
  class space    used 7573K, capacity 8030K, committed 8064K, reserved 1048576K
Event: 29.039 GC heap after
Heap after GC invocations=14 (full 2):
 PSYoungGen      total 125952K, used 10231K [0x00000000d5580000, 0x00000000de880000, 0x0000000100000000)
  eden space 115712K, 0% used [0x00000000d5580000,0x00000000d5580000,0x00000000dc680000)
  from space 10240K, 99% used [0x00000000dde80000,0x00000000de87de70,0x00000000de880000)
  to   space 11776K, 0% used [0x00000000dd180000,0x00000000dd180000,0x00000000ddd00000)
 ParOldGen       total 86016K, used 34907K [0x0000000080000000, 0x0000000085400000, 0x00000000d5580000)
  object space 86016K, 40% used [0x0000000080000000,0x0000000082216ed0,0x0000000085400000)
 Metaspace       used 55888K, capacity 57630K, committed 57728K, reserved 1099776K
  class space    used 7573K, capacity 8030K, committed 8064K, reserved 1048576K
}
Event: 40.276 GC heap before
{Heap before GC invocations=15 (full 2):
 PSYoungGen      total 125952K, used 67690K [0x00000000d5580000, 0x00000000de880000, 0x0000000100000000)
  eden space 115712K, 49% used [0x00000000d5580000,0x00000000d8d9c9d8,0x00000000dc680000)
  from space 10240K, 99% used [0x00000000dde80000,0x00000000de87de70,0x00000000de880000)
  to   space 11776K, 0% used [0x00000000dd180000,0x00000000dd180000,0x00000000ddd00000)
 ParOldGen       total 86016K, used 34907K [0x0000000080000000, 0x0000000085400000, 0x00000000d5580000)
  object space 86016K, 40% used [0x0000000080000000,0x0000000082216ed0,0x0000000085400000)
 Metaspace       used 57162K, capacity 58944K, committed 59028K, reserved 1099776K
  class space    used 7713K, capacity 8163K, committed 8192K, reserved 1048576K
Event: 40.301 GC heap after
Heap after GC invocations=15 (full 2):
 PSYoungGen      total 127488K, used 11744K [0x00000000d5580000, 0x00000000de880000, 0x0000000100000000)
  eden space 115712K, 0% used [0x00000000d5580000,0x00000000d5580000,0x00000000dc680000)
  from space 11776K, 99% used [0x00000000dd180000,0x00000000ddcf8010,0x00000000ddd00000)
  to   space 10240K, 0% used [0x00000000dde80000,0x00000000dde80000,0x00000000de880000)
 ParOldGen       total 86016K, used 43545K [0x0000000080000000, 0x0000000085400000, 0x00000000d5580000)
  object space 86016K, 50% used [0x0000000080000000,0x0000000082a866c0,0x0000000085400000)
 Metaspace       used 57162K, capacity 58944K, committed 59028K, reserved 1099776K
  class space    used 7713K, capacity 8163K, committed 8192K, reserved 1048576K
}
Event: 40.301 GC heap before
{Heap before GC invocations=16 (full 3):
 PSYoungGen      total 127488K, used 11744K [0x00000000d5580000, 0x00000000de880000, 0x0000000100000000)
  eden space 115712K, 0% used [0x00000000d5580000,0x00000000d5580000,0x00000000dc680000)
  from space 11776K, 99% used [0x00000000dd180000,0x00000000ddcf8010,0x00000000ddd00000)
  to   space 10240K, 0% used [0x00000000dde80000,0x00000000dde80000,0x00000000de880000)
 ParOldGen       total 86016K, used 43545K [0x0000000080000000, 0x0000000085400000, 0x00000000d5580000)
  object space 86016K, 50% used [0x0000000080000000,0x0000000082a866c0,0x0000000085400000)
 Metaspace       used 57162K, capacity 58944K, committed 59028K, reserved 1099776K
  class space    used 7713K, capacity 8163K, committed 8192K, reserved 1048576K
Event: 40.592 GC heap after
Heap after GC invocations=16 (full 3):
 PSYoungGen      total 127488K, used 0K [0x00000000d5580000, 0x00000000de880000, 0x0000000100000000)
  eden space 115712K, 0% used [0x00000000d5580000,0x00000000d5580000,0x00000000dc680000)
  from space 11776K, 0% used [0x00000000dd180000,0x00000000dd180000,0x00000000ddd00000)
  to   space 10240K, 0% used [0x00000000dde80000,0x00000000dde80000,0x00000000de880000)
 ParOldGen       total 86016K, used 45756K [0x0000000080000000, 0x0000000085400000, 0x00000000d5580000)
  object space 86016K, 53% used [0x0000000080000000,0x0000000082caf088,0x0000000085400000)
 Metaspace       used 57162K, capacity 58944K, committed 59028K, reserved 1099776K
  class space    used 7713K, capacity 8163K, committed 8192K, reserved 1048576K
}

