# JRE version: OpenJDK Runtime Environment (8.0_242-b01) (build 1.8.0_242-release-1644-b01)
# Java VM: OpenJDK 64-Bit Server VM (25.242-b01 mixed mode windows-amd64 compressed oops)
Heap:
 PSYoungGen      total 136704K, used 133484K [0x00000000d5580000, 0x00000000e0900000, 0x0000000100000000)
  eden space 124928K, 97% used [0x00000000d5580000,0x00000000dcc5d1d8,0x00000000dcf80000)
  from space 11776K, 99% used [0x00000000ddd00000,0x00000000de87e1f8,0x00000000de880000)
  to   space 13824K, 0% used [0x00000000dcf80000,0x00000000dcf80000,0x00000000ddd00000)
 ParOldGen       total 99840K, used 18320K [0x0000000080000000, 0x0000000086180000, 0x00000000d5580000)
  object space 99840K, 18% used [0x0000000080000000,0x00000000811e4058,0x0000000086180000)
 Metaspace       used 52502K, capacity 54188K, committed 54528K, reserved 1095680K
  class space    used 7128K, capacity 7567K, committed 7680K, reserved 1048576K
GC Heap History (10 events):
Event: 30.525 GC heap before
{Heap before GC invocations=6 (full 1):
 PSYoungGen      total 70656K, used 65536K [0x00000000d5580000, 0x00000000ddf80000, 0x0000000100000000)
  eden space 65536K, 100% used [0x00000000d5580000,0x00000000d9580000,0x00000000d9580000)
  from space 5120K, 0% used [0x00000000dda80000,0x00000000dda80000,0x00000000ddf80000)
  to   space 5120K, 0% used [0x00000000d9580000,0x00000000d9580000,0x00000000d9a80000)
 ParOldGen       total 65024K, used 9213K [0x0000000080000000, 0x0000000083f80000, 0x00000000d5580000)
  object space 65024K, 14% used [0x0000000080000000,0x00000000808ff470,0x0000000083f80000)
 Metaspace       used 26716K, capacity 27226K, committed 27392K, reserved 1073152K
  class space    used 3644K, capacity 3827K, committed 3840K, reserved 1048576K
Event: 30.532 GC heap after
Heap after GC invocations=6 (full 1):
 PSYoungGen      total 70656K, used 5090K [0x00000000d5580000, 0x00000000ddb00000, 0x0000000100000000)
  eden space 65536K, 0% used [0x00000000d5580000,0x00000000d5580000,0x00000000d9580000)
  from space 5120K, 99% used [0x00000000d9580000,0x00000000d9a788e0,0x00000000d9a80000)
  to   space 10752K, 0% used [0x00000000dd080000,0x00000000dd080000,0x00000000ddb00000)
 ParOldGen       total 65024K, used 11177K [0x0000000080000000, 0x0000000083f80000, 0x00000000d5580000)
  object space 65024K, 17% used [0x0000000080000000,0x0000000080aea7c0,0x0000000083f80000)
 Metaspace       used 26716K, capacity 27226K, committed 27392K, reserved 1073152K
  class space    used 3644K, capacity 3827K, committed 3840K, reserved 1048576K
}
Event: 38.416 GC heap before
{Heap before GC invocations=7 (full 1):
 PSYoungGen      total 70656K, used 70626K [0x00000000d5580000, 0x00000000ddb00000, 0x0000000100000000)
  eden space 65536K, 100% used [0x00000000d5580000,0x00000000d9580000,0x00000000d9580000)
  from space 5120K, 99% used [0x00000000d9580000,0x00000000d9a788e0,0x00000000d9a80000)
  to   space 10752K, 0% used [0x00000000dd080000,0x00000000dd080000,0x00000000ddb00000)
 ParOldGen       total 65024K, used 11177K [0x0000000080000000, 0x0000000083f80000, 0x00000000d5580000)
  object space 65024K, 17% used [0x0000000080000000,0x0000000080aea7c0,0x0000000083f80000)
 Metaspace       used 29958K, capacity 30508K, committed 30720K, reserved 1075200K
  class space    used 4168K, capacity 4345K, committed 4352K, reserved 1048576K
Event: 38.450 GC heap after
Heap after GC invocations=7 (full 1):
 PSYoungGen      total 101376K, used 8576K [0x00000000d5580000, 0x00000000dd900000, 0x0000000100000000)
  eden space 92672K, 0% used [0x00000000d5580000,0x00000000d5580000,0x00000000db000000)
  from space 8704K, 98% used [0x00000000dd080000,0x00000000dd8e02c0,0x00000000dd900000)
  to   space 11264K, 0% used [0x00000000dc300000,0x00000000dc300000,0x00000000dce00000)
 ParOldGen       total 65024K, used 11185K [0x0000000080000000, 0x0000000083f80000, 0x00000000d5580000)
  object space 65024K, 17% used [0x0000000080000000,0x0000000080aec7c0,0x0000000083f80000)
 Metaspace       used 29958K, capacity 30508K, committed 30720K, reserved 1075200K
  class space    used 4168K, capacity 4345K, committed 4352K, reserved 1048576K
}
Event: 43.652 GC heap before
{Heap before GC invocations=8 (full 1):
 PSYoungGen      total 101376K, used 42584K [0x00000000d5580000, 0x00000000dd900000, 0x0000000100000000)
  eden space 92672K, 36% used [0x00000000d5580000,0x00000000d76b5f58,0x00000000db000000)
  from space 8704K, 98% used [0x00000000dd080000,0x00000000dd8e02c0,0x00000000dd900000)
  to   space 11264K, 0% used [0x00000000dc300000,0x00000000dc300000,0x00000000dce00000)
 ParOldGen       total 65024K, used 11185K [0x0000000080000000, 0x0000000083f80000, 0x00000000d5580000)
  object space 65024K, 17% used [0x0000000080000000,0x0000000080aec7c0,0x0000000083f80000)
 Metaspace       used 34573K, capacity 35270K, committed 35416K, reserved 1079296K
  class space    used 4791K, capacity 5019K, committed 5120K, reserved 1048576K
Event: 43.665 GC heap after
Heap after GC invocations=8 (full 1):
 PSYoungGen      total 123392K, used 10023K [0x00000000d5580000, 0x00000000de880000, 0x0000000100000000)
  eden space 112128K, 0% used [0x00000000d5580000,0x00000000d5580000,0x00000000dc300000)
  from space 11264K, 88% used [0x00000000dc300000,0x00000000dccc9ff0,0x00000000dce00000)
  to   space 11776K, 0% used [0x00000000ddd00000,0x00000000ddd00000,0x00000000de880000)
 ParOldGen       total 65024K, used 11193K [0x0000000080000000, 0x0000000083f80000, 0x00000000d5580000)
  object space 65024K, 17% used [0x0000000080000000,0x0000000080aee7c0,0x0000000083f80000)
 Metaspace       used 34573K, capacity 35270K, committed 35416K, reserved 1079296K
  class space    used 4791K, capacity 5019K, committed 5120K, reserved 1048576K
}
Event: 43.665 GC heap before
{Heap before GC invocations=9 (full 2):
 PSYoungGen      total 123392K, used 10023K [0x00000000d5580000, 0x00000000de880000, 0x0000000100000000)
  eden space 112128K, 0% used [0x00000000d5580000,0x00000000d5580000,0x00000000dc300000)
  from space 11264K, 88% used [0x00000000dc300000,0x00000000dccc9ff0,0x00000000dce00000)
  to   space 11776K, 0% used [0x00000000ddd00000,0x00000000ddd00000,0x00000000de880000)
 ParOldGen       total 65024K, used 11193K [0x0000000080000000, 0x0000000083f80000, 0x00000000d5580000)
  object space 65024K, 17% used [0x0000000080000000,0x0000000080aee7c0,0x0000000083f80000)
 Metaspace       used 34573K, capacity 35270K, committed 35416K, reserved 1079296K
  class space    used 4791K, capacity 5019K, committed 5120K, reserved 1048576K
Event: 43.756 GC heap after
Heap after GC invocations=9 (full 2):
 PSYoungGen      total 123392K, used 0K [0x00000000d5580000, 0x00000000de880000, 0x0000000100000000)
  eden space 112128K, 0% used [0x00000000d5580000,0x00000000d5580000,0x00000000dc300000)
  from space 11264K, 0% used [0x00000000dc300000,0x00000000dc300000,0x00000000dce00000)
  to   space 11776K, 0% used [0x00000000ddd00000,0x00000000ddd00000,0x00000000de880000)
 ParOldGen       total 99840K, used 16685K [0x0000000080000000, 0x0000000086180000, 0x00000000d5580000)
  object space 99840K, 16% used [0x0000000080000000,0x000000008104b470,0x0000000086180000)
 Metaspace       used 34573K, capacity 35270K, committed 35416K, reserved 1079296K
  class space    used 4791K, capacity 5019K, committed 5120K, reserved 1048576K
}
Event: 61.382 GC heap before
{Heap before GC invocations=10 (full 2):
 PSYoungGen      total 123392K, used 112128K [0x00000000d5580000, 0x00000000de880000, 0x0000000100000000)
  eden space 112128K, 100% used [0x00000000d5580000,0x00000000dc300000,0x00000000dc300000)
  from space 11264K, 0% used [0x00000000dc300000,0x00000000dc300000,0x00000000dce00000)
  to   space 11776K, 0% used [0x00000000ddd00000,0x00000000ddd00000,0x00000000de880000)
 ParOldGen       total 99840K, used 16685K [0x0000000080000000, 0x0000000086180000, 0x00000000d5580000)
  object space 99840K, 16% used [0x0000000080000000,0x000000008104b470,0x0000000086180000)
 Metaspace       used 41879K, capacity 42772K, committed 42880K, reserved 1085440K
  class space    used 5659K, capacity 5972K, committed 6016K, reserved 1048576K
Event: 61.400 GC heap after
Heap after GC invocations=10 (full 2):
 PSYoungGen      total 136704K, used 11768K [0x00000000d5580000, 0x00000000e0900000, 0x0000000100000000)
  eden space 124928K, 0% used [0x00000000d5580000,0x00000000d5580000,0x00000000dcf80000)
  from space 11776K, 99% used [0x00000000ddd00000,0x00000000de87e1f8,0x00000000de880000)
  to   space 13824K, 0% used [0x00000000dcf80000,0x00000000dcf80000,0x00000000ddd00000)
 ParOldGen       total 99840K, used 18320K [0x0000000080000000, 0x0000000086180000, 0x00000000d5580000)
  object space 99840K, 18% used [0x0000000080000000,0x00000000811e4058,0x0000000086180000)
 Metaspace       used 41879K, capacity 42772K, committed 42880K, reserved 1085440K
  class space    used 5659K, capacity 5972K, committed 6016K, reserved 1048576K
}

